# JRE version: OpenJDK Runtime Environment (11.0.11+9) (build 11.0.11+9-b60-7590822)
# Java VM: OpenJDK 64-Bit Server VM (11.0.11+9-b60-7590822, mixed mode, tiered, compressed oops, g1 gc, windows-amd64)
Heap:
 garbage-first heap   total 620544K, used 262006K [0x0000000080000000, 0x0000000100000000)
  region size 1024K, 5 young (5120K), 5 survivors (5120K)
 Metaspace       used 156362K, capacity 161622K, committed 164520K, reserved 1193984K
  class space    used 18768K, capacity 20711K, committed 21068K, reserved 1048576K
GC Heap History (20 events):
Event: 9456.640 GC heap after
{Heap after GC invocations=311 (full 0):
 garbage-first heap   total 410624K, used 185342K [0x0000000080000000, 0x0000000100000000)
  region size 1024K, 3 young (3072K), 3 survivors (3072K)
 Metaspace       used 156281K, capacity 161504K, committed 164520K, reserved 1193984K
  class space    used 18758K, capacity 20695K, committed 21068K, reserved 1048576K
}
Event: 9459.686 GC heap before
{Heap before GC invocations=311 (full 0):
 garbage-first heap   total 410624K, used 288766K [0x0000000080000000, 0x0000000100000000)
  region size 1024K, 105 young (107520K), 3 survivors (3072K)
 Metaspace       used 156300K, capacity 161575K, committed 164520K, reserved 1193984K
  class space    used 18760K, capacity 20697K, committed 21068K, reserved 1048576K
}
Event: 9459.915 GC heap after
{Heap after GC invocations=312 (full 0):
 garbage-first heap   total 410624K, used 236544K [0x0000000080000000, 0x0000000100000000)
  region size 1024K, 14 young (14336K), 14 survivors (14336K)
 Metaspace       used 156300K, capacity 161575K, committed 164520K, reserved 1193984K
  class space    used 18760K, capacity 20697K, committed 21068K, reserved 1048576K
}
Event: 9460.257 GC heap before
{Heap before GC invocations=312 (full 0):
 garbage-first heap   total 410624K, used 247808K [0x0000000080000000, 0x0000000100000000)
  region size 1024K, 26 young (26624K), 14 survivors (14336K)
 Metaspace       used 156329K, capacity 161613K, committed 164520K, reserved 1193984K
  class space    used 18768K, capacity 20711K, committed 21068K, reserved 1048576K
}
Event: 9460.342 GC heap after
{Heap after GC invocations=313 (full 0):
 garbage-first heap   total 410624K, used 239616K [0x0000000080000000, 0x0000000100000000)
  region size 1024K, 2 young (2048K), 2 survivors (2048K)
 Metaspace       used 156329K, capacity 161613K, committed 164520K, reserved 1193984K
  class space    used 18768K, capacity 20711K, committed 21068K, reserved 1048576K
}
Event: 9460.738 GC heap before
{Heap before GC invocations=313 (full 0):
 garbage-first heap   total 410624K, used 279552K [0x0000000080000000, 0x0000000100000000)
  region size 1024K, 42 young (43008K), 2 survivors (2048K)
 Metaspace       used 156344K, capacity 161621K, committed 164520K, reserved 1193984K
  class space    used 18768K, capacity 20711K, committed 21068K, reserved 1048576K
}
Event: 9460.752 GC heap after
{Heap after GC invocations=314 (full 0):
 garbage-first heap   total 410624K, used 242862K [0x0000000080000000, 0x0000000100000000)
  region size 1024K, 6 young (6144K), 6 survivors (6144K)
 Metaspace       used 156344K, capacity 161621K, committed 164520K, reserved 1193984K
  class space    used 18768K, capacity 20711K, committed 21068K, reserved 1048576K
}
Event: 9461.346 GC heap before
{Heap before GC invocations=315 (full 0):
 garbage-first heap   total 410624K, used 301230K [0x0000000080000000, 0x0000000100000000)
  region size 1024K, 56 young (57344K), 6 survivors (6144K)
 Metaspace       used 156350K, capacity 161621K, committed 164520K, reserved 1193984K
  class space    used 18768K, capacity 20711K, committed 21068K, reserved 1048576K
}
Event: 9461.380 GC heap after
{Heap after GC invocations=316 (full 0):
 garbage-first heap   total 410624K, used 255404K [0x0000000080000000, 0x0000000100000000)
  region size 1024K, 7 young (7168K), 7 survivors (7168K)
 Metaspace       used 156350K, capacity 161621K, committed 164520K, reserved 1193984K
  class space    used 18768K, capacity 20711K, committed 21068K, reserved 1048576K
}
Event: 9461.576 GC heap before
{Heap before GC invocations=316 (full 0):
 garbage-first heap   total 410624K, used 271788K [0x0000000080000000, 0x0000000100000000)
  region size 1024K, 20 young (20480K), 7 survivors (7168K)
 Metaspace       used 156350K, capacity 161621K, committed 164520K, reserved 1193984K
  class space    used 18768K, capacity 20711K, committed 21068K, reserved 1048576K
}
Event: 9461.605 GC heap after
{Heap after GC invocations=317 (full 0):
 garbage-first heap   total 410624K, used 256353K [0x0000000080000000, 0x0000000100000000)
  region size 1024K, 2 young (2048K), 2 survivors (2048K)
 Metaspace       used 156350K, capacity 161621K, committed 164520K, reserved 1193984K
  class space    used 18768K, capacity 20711K, committed 21068K, reserved 1048576K
}
Event: 9461.881 GC heap before
{Heap before GC invocations=317 (full 0):
 garbage-first heap   total 410624K, used 265569K [0x0000000080000000, 0x0000000100000000)
  region size 1024K, 13 young (13312K), 2 survivors (2048K)
 Metaspace       used 156350K, capacity 161621K, committed 164520K, reserved 1193984K
  class space    used 18768K, capacity 20711K, committed 21068K, reserved 1048576K
}
Event: 9461.886 GC heap after
{Heap after GC invocations=318 (full 0):
 garbage-first heap   total 410624K, used 256929K [0x0000000080000000, 0x0000000100000000)
  region size 1024K, 2 young (2048K), 2 survivors (2048K)
 Metaspace       used 156350K, capacity 161621K, committed 164520K, reserved 1193984K
  class space    used 18768K, capacity 20711K, committed 21068K, reserved 1048576K
}
Event: 9463.251 GC heap before
{Heap before GC invocations=319 (full 0):
 garbage-first heap   total 410624K, used 329633K [0x0000000080000000, 0x0000000100000000)
  region size 1024K, 71 young (72704K), 2 survivors (2048K)
 Metaspace       used 156354K, capacity 161622K, committed 164520K, reserved 1193984K
  class space    used 18768K, capacity 20711K, committed 21068K, reserved 1048576K
}
Event: 9463.268 GC heap after
{Heap after GC invocations=320 (full 0):
 garbage-first heap   total 410624K, used 270289K [0x0000000080000000, 0x0000000100000000)
  region size 1024K, 9 young (9216K), 9 survivors (9216K)
 Metaspace       used 156354K, capacity 161622K, committed 164520K, reserved 1193984K
  class space    used 18768K, capacity 20711K, committed 21068K, reserved 1048576K
}
Event: 9463.286 GC heap before
{Heap before GC invocations=320 (full 0):
 garbage-first heap   total 410624K, used 281553K [0x0000000080000000, 0x0000000100000000)
  region size 1024K, 20 young (20480K), 9 survivors (9216K)
 Metaspace       used 156354K, capacity 161622K, committed 164520K, reserved 1193984K
  class space    used 18768K, capacity 20711K, committed 21068K, reserved 1048576K
}
Event: 9463.337 GC heap after
{Heap after GC invocations=321 (full 0):
 garbage-first heap   total 410624K, used 259043K [0x0000000080000000, 0x0000000100000000)
  region size 1024K, 3 young (3072K), 3 survivors (3072K)
 Metaspace       used 156354K, capacity 161622K, committed 164520K, reserved 1193984K
  class space    used 18768K, capacity 20711K, committed 21068K, reserved 1048576K
}
Event: 9463.354 GC heap before
{Heap before GC invocations=321 (full 0):
 garbage-first heap   total 410624K, used 263139K [0x0000000080000000, 0x0000000100000000)
  region size 1024K, 8 young (8192K), 3 survivors (3072K)
 Metaspace       used 156354K, capacity 161622K, committed 164520K, reserved 1193984K
  class space    used 18768K, capacity 20711K, committed 21068K, reserved 1048576K
}
Event: 9463.367 GC heap after
{Heap after GC invocations=322 (full 0):
 garbage-first heap   total 410624K, used 259714K [0x0000000080000000, 0x0000000100000000)
  region size 1024K, 4 young (4096K), 4 survivors (4096K)
 Metaspace       used 156354K, capacity 161622K, committed 164520K, reserved 1193984K
  class space    used 18768K, capacity 20711K, committed 21068K, reserved 1048576K
}
Event: 9465.448 GC heap before
{Heap before GC invocations=323 (full 0):
 garbage-first heap   total 410624K, used 359042K [0x0000000080000000, 0x0000000100000000)
  region size 1024K, 70 young (71680K), 4 survivors (4096K)
 Metaspace       used 156362K, capacity 161622K, committed 164520K, reserved 1193984K
  class space    used 18768K, capacity 20711K, committed 21068K, reserved 1048576K
}

